[2021-03-15 13:01:48] [info] Start Program:
Path:"C:\\Users\\Admin\\Desktop\\Semestrul 2\\OOP\\Farmacie\\Debug\\Farmacie.exe"
Arguments:
Working directory: "C:\\Users\\Admin\\Desktop\\Semestrul 2\\OOP\\Farmacie\\Farmacie\\"
Modules: Selected: C:\Users\Admin\Desktop\Semestrul 2\OOP\Farmacie\Debug\Farmacie.exe Excluded: 
Sources: Selected: C:\Users\Admin\Desktop\Semestrul 2\OOP\Farmacie\Farmacie Excluded: 
Log Level: Normal
Cover Children: 0
Aggregate by file: 1
Continue after C++ exception: 0
Optimized build support: 0
Export: binary C:\Users\Admin\AppData\Local\Temp\xosphhxe.sle 
Input coverage: 
Unified diff: 
Excluded line regular expressions: 
Substitute pdb source paths: 

[2021-03-15 13:01:48] [info] Module: C:\Users\Admin\Desktop\Semestrul 2\OOP\Farmacie\Debug\Farmacie.exe is selected because it matches selected pattern: C:\Users\Admin\Desktop\Semestrul 2\OOP\Farmacie\Debug\Farmacie.exe
[2021-03-15 13:01:48] [info] ----------------------------------------------------
[2021-03-15 13:01:48] [info] Coverage binary generated in file: C:\Users\Admin\AppData\Local\Temp\xosphhxe.sle
[2021-03-15 13:01:48] [info] ----------------------------------------------------
