     1                                  bits 32
     2                                  
     3                                  global start
     4                                  extern exit,printf,scanf,fopen,fclose,fprintf,fscanf
     5                                  import exit msvcrt.dll
     6                                  import printf msvcrt.dll
     7                                  import scanf msvcrt.dll
     8                                  import fopen msvcrt.dll
     9                                  import fclose msvcrt.dll
    10                                  import fprintf msvcrt.dll
    11                                  import fscanf msvcrt.dll
    12                                  
    13                                  segment data use32 class=data
    14                                  
    15 00000000 00<rept>                    nume times 150 db 0
    16                                  
    17 00000096 44617469206E756D65-         mesaj1 db "Dati numele fisierului: ",0,10
    17 0000009F 6C6520666973696572-
    17 000000A8 756C75693A20000A   
    18                                  
    19 000000B0 25732000                    format db "%s ",0
    20 000000B4 257300                      format2 db "%s",0
    21                                  
    22 000000B7 73696D756C61726535-         nume_fisier db "simulare5.txt",0
    22 000000C0 2E74787400         
    23 000000C5 7200                        mod_acces db "r",0
    24 000000C7 FFFFFFFF                    descriptor_fis dd -1
    25                                      
    26                                      max_cuv equ 100
    27 000000CB 00<rept>                    cuvant times 50 db 0
    28 000000FD 00000000                    contor dd 0
    29                                  
    30                                  
    31                                  segment code use32 class=code
    32                                  start:
    33                                      
    34 00000000 68[00000000]                push dword nume 
    35 00000005 68[B4000000]                push dword format2
    36 0000000A FF15[00000000]              call [scanf]
    37 00000010 83C408                      add ESP,4*2
    38                                      
    39                                      
    40 00000013 68[C5000000]                push dword mod_acces
    41 00000018 68[00000000]                push dword nume
    42 0000001D FF15[00000000]              call [fopen]
    43 00000023 83C408                      add ESP,4*2
    44                                      
    45 00000026 83F800                      cmp EAX,0
    46 00000029 745A                        je final
    47 0000002B A3[C7000000]                mov [descriptor_fis],EAX
    48                                      
    49                                      
    50 00000030 B964000000                  mov ECX, max_cuv
    51                                     
    52 00000035 BB00000000                  mov EBX,0
    53                                      
    54                                      bucla:
    55                                          
    56 0000003A 68[CB000000]                    push dword cuvant
    57 0000003F 68[B0000000]                    push dword format
    58 00000044 FF35[C7000000]                  push dword [descriptor_fis]
    59 0000004A FF15[00000000]                  call [fscanf]
    60 00000050 83C40C                          add ESP,4*3
    61                                          
    62                                          
    63 00000053 83F801                          cmp EAX,1
    64 00000056 7518                            jne cleanup
    65                                          
    66 00000058 51                              push ecx
    67                                          
    68 00000059 68[CB000000]                    push dword cuvant
    69 0000005E 68[B0000000]                    push dword format
    70 00000063 FF15[00000000]                  call [printf]
    71 00000069 83C408                          add ESP,4*2
    72                                          
    73 0000006C 59                              pop ecx 
    74                                  
    75 0000006D 43                              inc EBX 
    76                                      
    77 0000006E E2CA                        loop bucla
    78                                      
    79                                      
    80                                      cleanup:
    81 00000070 891D[FD000000]              mov dword[contor],EBX
    82                                      
    83 00000076 FF35[C7000000]              push dword [descriptor_fis]
    84 0000007C FF15[00000000]              call [fclose]
    85 00000082 83C404                      add ESP,4*1
    86                                      
    87                                  
    88                                      final:
    89                                     
    90 00000085 6A00                        push dword 0
    91 00000087 FF15[00000000]              call [exit]
