     1                                  bits 32
     2                                  
     3                                  global start
     4                                  extern exit,printf
     5                                  import exit msvcrt.dll
     6                                  import printf msvcrt.dll
     7                                  
     8                                  
     9                                  segment data use32 class=data
    10 00000000 6608                        a dw 2150
    11 00000002 06                          b db 6
    12                                      
    13 00000003 436174756C3D2000            mesaj1 db "Catul= ",0
    14 0000000B 52657374756C3D2000          mesaj2 db "Restul= ",0
    15                                      
    16 00000014 25752000                    format db "%u ",0
    17                                        
    18                                  
    19                                  segment code use32 class=code
    20                                  start: 
    21                                      
    22 00000000 66A1[00000000]              mov AX, word[a]
    23 00000006 66BA0000                    mov DX,0   ;DX:AX=a 
    24                                      
    25 0000000A 8A1D[02000000]              mov BL,byte[b]
    26 00000010 B700                        mov BH,0   ;BX=b 
    27                                      
    28 00000012 66F7F3                      div BX   ;AX cat   DX rest
    29                                  
    30 00000015 6689C3                      mov BX,AX
    31 00000018 B800000000                  mov EAX,0
    32 0000001D 6689D8                      mov AX,BX  ;EAX catul
    33                                      
    34 00000020 60                          pushad 
    35 00000021 68[03000000]                push dword mesaj1 
    36 00000026 FF15[00000000]              call [printf]
    37 0000002C 83C404                      add esp,4*1
    38 0000002F 61                          popad 
    39                                      
    40 00000030 52                          push EDX
    41 00000031 50                          push dword EAX
    42 00000032 68[14000000]                push dword format
    43 00000037 FF15[00000000]              call [printf]
    44 0000003D 83C408                      add esp,4*2
    45 00000040 5A                          pop EDX 
    46                                      
    47 00000041 6689D3                      mov BX,DX 
    48 00000044 B800000000                  mov EAX,0
    49 00000049 6689D8                      mov AX,BX  ;EAX catul
    50                                      
    51 0000004C 60                          pushad 
    52 0000004D 68[0B000000]                push dword mesaj2 
    53 00000052 FF15[00000000]              call [printf]
    54 00000058 83C404                      add esp,4*1
    55 0000005B 61                          popad 
    56                                      
    57 0000005C 50                          push dword EAX
    58 0000005D 68[14000000]                push dword format
    59 00000062 FF15[00000000]              call [printf]
    60 00000068 83C408                      add esp,4*2
    61                                      
    62                                  
    63 0000006B 6A00                        push dword 0
    64 0000006D FF15[00000000]              call [exit]
