     1                                  bits 32 ; assembling for the 32 bits architecture
     2                                  
     3                                  ; declare the EntryPoint (a label defining the very first instruction of the program)
     4                                  global start        
     5                                  
     6                                  ; declare external functions needed by our program
     7                                  extern exit               ; tell nasm that exit exists even if we won't be defining it
     8                                  import exit msvcrt.dll    ; exit is a function that ends the calling process. It is defined in msvcrt.dll
     9                                                            ; msvcrt.dll contains exit, printf and all the other important C-runtime specific functions
    10                                  
    11                                  ; our data is declared here (the variables needed by our program)
    12                                  segment data use32 class=data
    13                                      ; ...
    14                                  
    15                                  ; our code starts here
    16                                  segment code use32 class=code
    17                                      start:
    18                                   ;       mov AH,0
    19                                   ;       mov AL,-5
    20                                          
    21                                   ;       mov BX,10
    22                                   ;       imul BX
    23                                  ;        mul BX
    24                                   ;       mov CL,-100
    25                                  ;        idiv CL
    26                                  ;        imul CL
    27                                  ;        add AX,10
    28                                  ;        div CL
    29                                          
    30                                   ;       mov AH,0
    31                                   ;       mov AL,-5
    32                                          
    33                                   ;       mov BX,10
    34                                   ;       imul BX
    35                                  ;        mul BX
    36                                   ;       mov CX,-100
    37                                   ;       idiv CX
    38                                  ;        imul CX
    39                                  ;        add AX,10
    40                                   ;       div CX
    41                                          
    42                                   ;       mov AX,-5
    43                                   ;       mov BX,10
    44                                  ;        imul BX
    45                                          
    46 00000000 B0FB                            mov AL,251
    47 00000002 B1FF                            mov CL,255
    48 00000004 B364                            mov BL,100
    49 00000006 F6EB                            imul BL
    50                                   ;       div CL
    51 00000008 66F7F9                          idiv CX
    52                                   ;       idiv CL
    53                                          
    54                                          ; exit(0)
    55 0000000B 6A00                            push    dword 0      ; push the parameter for exit onto the stack
    56 0000000D FF15[00000000]                  call    [exit]       ; call exit to terminate the program
