     1                                  bits 32
     2                                  global start
     3                                  
     4                                  extern exit,fopen,fclose,scanf,printf
     5                                  import exit msvcrt.dll
     6                                  import fopen msvcrt.dll
     7                                  import fclose msvcrt.dll
     8                                  import scanf msvcrt.dll
     9                                  import printf msvcrt.dll
    10                                  
    11                                  extern maximul
    12                                  
    13                                  segment data use32 class=data public 
    14 00000000 00000000<rept>              sir times 100 dd 0
    15                                      
    16 00000190 00000000                    numar dd 0
    17 00000194 256400                      format db "%d",0
    18 00000197 257800                      format2 db "%x",0
    19 0000019A 00000000                    contor dd 0
    20                                      
    21 0000019E 6D61782E74787400            nume_fis db "max.txt",0
    22 000001A6 7700                        mod_acces db "w",0
    23 000001A8 FFFFFFFF                    descriptor_fis dd -1
    24                                  
    25                                  segment code use32 class=code public
    26                                  start:
    27                                     
    28                                  
    29 00000000 BF[00000000]                mov EDI,sir
    30 00000005 FC                          cld 
    31                                      
    32                                      repeta:
    33 00000006 68[90010000]                    push dword numar 
    34 0000000B 68[94010000]                    push dword format
    35 00000010 FF15[00000000]                  call [scanf]
    36 00000016 83C408                          add ESP,4*2
    37                                          
    38 00000019 A1[90010000]                    mov EAX,[numar]
    39 0000001E 83F800                          cmp EAX,0
    40 00000021 740A                            je continua
    41                                          
    42 00000023 AB                              stosd
    43 00000024 FF05[9A010000]                  inc dword[contor]
    44 0000002A EBDA                        jmp repeta
    45                                      
    46 0000002C FC                          cld 
    47                                      continua:
    48 0000002D FF35[9A010000]              push dword [contor]
    49 00000033 68[00000000]                push dword sir
    50 00000038 E8(00000000)                call maximul
    51 0000003D 83C408                      add ESP,4*2
    52                                      
    53 00000040 BE[00000000]                mov ESI,sir 
    54 00000045 AD                          lodsd 
    55                                      
    56 00000046 50                          push dword EAX 
    57 00000047 68[94010000]                push dword format
    58 0000004C FF15[00000000]              call [printf]
    59 00000052 83C408                      add ESP,4*2
    60                                      
    61                                  
    62                                      
    63                                      final:
    64 00000055 6A00                        push dword 0
    65 00000057 FF15[00000000]              call [exit]
