     1                                  bits 32 ; assembling for the 32 bits architecture
     2                                  
     3                                  ; declare the EntryPoint (a label defining the very first instruction of the program)
     4                                  global start        
     5                                  
     6                                  ; declare external functions needed by our program
     7                                  extern exit,printf               ; tell nasm that exit exists even if we won't be defining it
     8                                  import exit msvcrt.dll    ; exit is a function that ends the calling process. It is defined in msvcrt.dll
     9                                                            ; msvcrt.dll contains exit, printf and all the other important C-runtime specific functions
    10                                  import printf msvcrt.dll
    11                                  ; our data is declared here (the variables needed by our program)
    12                                  segment data use32 class=data
    13 00000000 256420257300                format db "%d %s",0
    14 00000006 01                          a db 1
    15 00000007 416E6120617265206D-         b db "Ana are mere",0
    15 00000010 65726500           
    16                                  
    17                                  ; our code starts here
    18                                  segment code use32 class=code
    19                                      start:
    20 00000000 68[06000000]                    push dword a
    21 00000005 68[07000000]                    push dword b
    22 0000000A 68[00000000]                    push dword format 
    23 0000000F FF15[00000000]                  call [printf]
    24 00000015 83C404                          add esp,4
    25                                      
    26                                          ; exit(0)
    27 00000018 6A00                            push    dword 0      ; push the parameter for exit onto the stack
    28 0000001A FF15[00000000]                  call    [exit]       ; call exit to terminate the program
