     1                                  bits 32
     2                                  
     3                                  global start
     4                                  extern exit,printf,scanf,fopen,fclose,fprintf,fscanf
     5                                  import exit msvcrt.dll
     6                                  import printf msvcrt.dll
     7                                  import scanf msvcrt.dll
     8                                  import fopen msvcrt.dll
     9                                  import fclose msvcrt.dll
    10                                  import fprintf msvcrt.dll
    11                                  import fscanf msvcrt.dll
    12                                  
    13                                  segment data use32 class=data
    14                                  
    15 00000000 00<rept>                    nume times 100 db 0
    16 00000064 00000000                    caracter dd 0
    17 00000068 00000000                    n dd 0
    18 0000006C 44617469206E756D65-         mesaj1 db "Dati numele fisierului: ",0,10
    18 00000075 6C6520666973696572-
    18 0000007E 756C75693A20000A   
    19 00000086 436172616374657220-         mesaj2 db "Caracter special: ",0,10
    19 0000008F 7370656369616C3A20-
    19 00000098 000A               
    20 0000009A 4E756D61723A2000            mesaj3 db "Numar: ",0
    21                                      
    22 000000A2 257300                      format db "%s",0
    23 000000A5 256400                      format1 db "%d",0
    24 000000A8 257300                      format2 db "%s",0
    25 000000AB 25732000                    format3 db "%s ",0
    26 000000AF 256300                      format4 db "%c",0
    27                                      
    28 000000B2 7200                        mod_acces db "r",0
    29 000000B4 FFFFFFFF                    descriptor_fis dd -1
    30                                      
    31 000000B8 6F75747075742E7478-         nume_fisier db "output.txt",0
    31 000000C1 7400               
    32 000000C3 7700                        mod_acces1 db "w",0
    33 000000C5 FFFFFFFF                    descriptor_fisier dd -1
    34                                      
    35                                      max_cuv equ 100
    36 000000C9 00<rept>                    cuvant times 50 db 0
    37 000000FB 00000000                    contor dd 0
    38 000000FF 00000000                    numarare dd 0
    39                                  
    40                                  
    41                                  segment code use32 class=code
    42                                  start:
    43                                      
    44 00000000 68[6C000000]                push dword mesaj1
    45 00000005 FF15[00000000]              call [printf]
    46 0000000B 83C404                      add ESP,4*1
    47                                      
    48 0000000E 68[00000000]                push dword nume 
    49 00000013 68[A8000000]                push dword format2 
    50 00000018 FF15[00000000]              call [scanf]
    51 0000001E 83C408                      add ESP,4*2
    52                                      
    53 00000021 68[86000000]                push dword mesaj2
    54 00000026 FF15[00000000]              call [printf]
    55 0000002C 83C404                      add ESP,4*1
    56                                      
    57 0000002F 68[64000000]                push dword caracter
    58 00000034 68[A2000000]                push dword format
    59 00000039 FF15[00000000]              call [scanf]
    60 0000003F 83C408                      add ESP,4*2
    61                                      
    62 00000042 68[9A000000]                push dword mesaj3
    63 00000047 FF15[00000000]              call [printf]
    64 0000004D 83C404                      add ESP,4*1
    65                                      
    66 00000050 68[68000000]                push dword n
    67 00000055 68[A5000000]                push dword format1 
    68 0000005A FF15[00000000]              call [scanf]
    69 00000060 83C408                      add ESP,4*2
    70                                      
    71                                  
    72 00000063 68[B2000000]                push dword mod_acces
    73 00000068 68[00000000]                push dword nume
    74 0000006D FF15[00000000]              call [fopen]
    75 00000073 83C408                      add ESP,4*2
    76                                      
    77 00000076 83F800                      cmp EAX,0
    78 00000079 0F8411010000                je final
    79 0000007F A3[B4000000]                mov [descriptor_fis],EAX
    80                                      
    81                                      
    82 00000084 68[C3000000]                push dword mod_acces1
    83 00000089 68[B8000000]                push dword nume_fisier
    84 0000008E FF15[00000000]              call [fopen]
    85 00000094 83C408                      add ESP,4*2
    86                                      
    87 00000097 83F800                      cmp EAX,0
    88 0000009A 0F84F0000000                je final
    89 000000A0 A3[C5000000]                mov [descriptor_fisier],EAX
    90                                      
    91                                  
    92                                      bucla:
    93                                          
    94 000000A5 68[C9000000]                    push dword cuvant
    95 000000AA 68[A2000000]                    push dword format
    96 000000AF FF35[B4000000]                  push dword [descriptor_fis]
    97 000000B5 FF15[00000000]                  call [fscanf]
    98 000000BB 83C40C                          add ESP,4*3
    99                                          
   100                                          
   101 000000BE 83F801                          cmp EAX,1
   102 000000C1 0F85A5000000                    jne cleanup
   103                                          
   104                                          
   105                                          
   106 000000C7 68[C9000000]                    push dword cuvant
   107 000000CC 68[AB000000]                    push dword format3
   108 000000D1 FF15[00000000]                  call [printf]
   109 000000D7 83C408                          add ESP,4*2
   110                                          
   111                                           
   112                                  
   113 000000DA BE[C9000000]                    mov ESI, cuvant
   114 000000DF FC                              cld 
   115 000000E0 8B15[68000000]                  mov EDX,dword[n]
   116                                          repeta:
   117 000000E6 B800000000                          mov EAX,0
   118 000000EB AC                                  lodsb   ;AL<- primul caracter
   119 000000EC 3C00                                cmp AL,0
   120 000000EE 7508                                jne afisare
   121                                              
   122                                              
   123 000000F0 3915[FF000000]                      cmp dword[numarare],EDX
   124 000000F6 7242                                jb scrie3
   125                                              
   126                                              afisare:
   127 000000F8 FF05[FF000000]                          inc dword[numarare]
   128 000000FE 3915[FF000000]                          cmp dword[numarare],EDX
   129 00000104 7202                                    jb scrie
   130 00000106 7417                                    je scrie2
   131                                                  
   132                                     
   133                                                  scrie:
   134                                                  
   135 00000108 50                                          push dword EAX
   136 00000109 68[AF000000]                                push dword format4
   137 0000010E FF35[C5000000]                              push dword [descriptor_fisier]
   138 00000114 FF15[00000000]                              call [fprintf]
   139 0000011A 83C40C                                      add ESP,4*3
   140 0000011D EBC7                                    jmp repeta
   141                                                      
   142                                                  scrie2:
   143 0000011F 68[64000000]                                push dword caracter
   144 00000124 68[AF000000]                                push dword format4
   145 00000129 FF35[C5000000]                              push dword [descriptor_fisier]
   146 0000012F FF15[00000000]                              call [fprintf]
   147 00000135 83C40C                                      add ESP,4*3
   148                                                      
   149 00000138 EBAC                                    jmp repeta
   150                                              
   151                                                  scrie3:
   152 0000013A 8B1D[FF000000]                              mov EBX,dword[numarare]
   153 00000140 29D3                                        sub EBX,EDX
   154 00000142 89D9                                        mov ECX,EBX 
   155                                                      rpt:
   156 00000144 51                                              push ecx 
   157 00000145 68[64000000]                                    push dword caracter
   158 0000014A 68[AF000000]                                    push dword format4
   159 0000014F FF35[C5000000]                                  push dword [descriptor_fisier]
   160 00000155 FF15[00000000]                                  call [fprintf]
   161 0000015B 83C40C                                          add ESP,4*3
   162 0000015E 59                                              pop ecx
   163                                                          
   164 0000015F E2E3                                        loop rpt
   165                                                      
   166                                    
   167 00000161 FF05[FB000000]                  inc dword[contor] 
   168                                           
   169 00000167 E939FFFFFF                  jmp bucla
   170                                      
   171                                      
   172                                      cleanup:
   173 0000016C 891D[FB000000]              mov dword[contor],EBX
   174                                      
   175 00000172 FF35[B4000000]              push dword [descriptor_fis]
   176 00000178 FF15[00000000]              call [fclose]
   177 0000017E 83C404                      add ESP,4*1
   178                                      
   179 00000181 FF35[C5000000]              push dword [descriptor_fisier]
   180 00000187 FF15[00000000]              call [fclose]
   181 0000018D 83C404                      add ESP,4*1
   182                                      
   183                                      final:
   184                                     
   185 00000190 6A00                        push dword 0
   186 00000192 FF15[00000000]              call [exit]
   187                                          
