     1                                  bits 32
     2                                  global start
     3                                  extern exit,printf
     4                                  import exit msvcrt.dll
     5                                  import printf msvcrt.dll
     6                                  
     7                                  segment data use32 class=data 
     8 00000000 323536                      sir db "256"
     9                                      len equ $-sir 
    10 00000003 0A                          zece db 10
    11                                  
    12 00000004 256400                      format db "%d",0
    13 00000007 00000000                    suma dd 0
    14                                  segment code use32 class=code
    15                                  start:
    16                                          
    17 00000000 BE[00000000]                mov ESI,sir
    18 00000005 FC                          cld 
    19 00000006 B903000000                  mov ECX,len 
    20                                      
    21                                      bucla:
    22                                      
    23 0000000B B800000000                      mov EAX,0
    24 00000010 AC                              lodsb   ;AL<-2
    25 00000011 2C30                            sub AL,'0'
    26                                          
    27 00000013 88C2                            mov DL,AL
    28                                          
    29 00000015 89CB                            mov EBX,ECX 
    30                                          
    31                                          repeta:
    32 00000017 F625[03000000]                      mul byte[zece]
    33                                              
    34 0000001D 4B                                  dec ebx
    35 0000001E 83FB00                              cmp ebx,0
    36 00000021 75F4                            jnz repeta        
    37                                          
    38 00000023 0105[07000000]                  add dword[suma],EAX 
    39                                             
    40 00000029 E2E0                        loop bucla
    41                                      
    42 0000002B FF35[07000000]              push dword [suma]
    43 00000031 68[04000000]                push dword format
    44 00000036 FF15[00000000]              call [printf]
    45 0000003C 83C408                      add esp,4*2
    46                                      
    47                                  
    48 0000003F 6A00                        push dword 0
    49 00000041 FF15[00000000]              call [exit]
