[2021-04-11 22:24:05] [info] Start Program:
Path:"C:\\Users\\Admin\\Desktop\\Semestrul 2\\SDA\\Laborator\\L4pb24\\Debug\\L4pb24.exe"
Arguments:
Working directory: "C:\\Users\\Admin\\Desktop\\Semestrul 2\\SDA\\Laborator\\L4pb24\\L4pb24\\"
Modules: Selected: C:\Users\Admin\Desktop\Semestrul 2\SDA\Laborator\L4pb24\Debug\L4pb24.exe Excluded: 
Sources: Selected: C:\Users\Admin\Desktop\Semestrul 2\SDA\Laborator\L4pb24\L4pb24 Excluded: 
Log Level: Normal
Cover Children: 0
Aggregate by file: 1
Continue after C++ exception: 0
Optimized build support: 0
Export: binary C:\Users\Admin\AppData\Local\Temp\h3ig4ci5.4ha 
Input coverage: 
Unified diff: 
Excluded line regular expressions: 
Substitute pdb source paths: 

[2021-04-11 22:24:05] [info] Module: C:\Users\Admin\Desktop\Semestrul 2\SDA\Laborator\L4pb24\Debug\L4pb24.exe is selected because it matches selected pattern: C:\Users\Admin\Desktop\Semestrul 2\SDA\Laborator\L4pb24\Debug\L4pb24.exe
[2021-04-11 22:24:05] [info] ----------------------------------------------------
[2021-04-11 22:24:05] [info] Coverage binary generated in file: C:\Users\Admin\AppData\Local\Temp\h3ig4ci5.4ha
[2021-04-11 22:24:05] [info] ----------------------------------------------------
