     1                                  bits 32 ; assembling for the 32 bits architecture
     2                                  
     3                                  ; declare the EntryPoint (a label defining the very first instruction of the program)
     4                                  global start        
     5                                  
     6                                  ; declare external functions needed by our program
     7                                  extern exit               ; tell nasm that exit exists even if we won't be defining it
     8                                  import exit msvcrt.dll    ; exit is a function that ends the calling process. It is defined in msvcrt.dll
     9                                                            ; msvcrt.dll contains exit, printf and all the other important C-runtime specific functions
    10                                  
    11                                  ; our data is declared here (the variables needed by our program)
    12                                  segment data use32 class=data
    13 00000000 0A                             a db 10
    14 00000001 23                             b db 35
    15 00000002 78                             c db 120
    16 00000003 2F                             d db 47
    17                                  
    18                                  ; our code starts here
    19                                  segment code use32 class=code
    20                                      start:
    21 00000000 A0[00000000]                    mov AL,[a]; AL=a
    22 00000005 0205[01000000]                  add AL,[b]; AL=a+b
    23 0000000B 0205[02000000]                  add AL,[c]; AL=a+b+c
    24 00000011 0205[03000000]                  add AL,[d]; AL=a+b+c+d
    25                                      
    26                                          ; exit(0)
    27 00000017 6A00                            push    dword 0      ; push the parameter for exit onto the stack
    28 00000019 FF15[00000000]                  call    [exit]       ; call exit to terminate the program
