     1                                  bits 32 ; assembling for the 32 bits architecture
     2                                  
     3                                  ; declare the EntryPoint (a label defining the very first instruction of the program)
     4                                  global start        
     5                                  
     6                                  ; declare external functions needed by our program
     7                                  extern exit               ; tell nasm that exit exists even if we won't be defining it
     8                                  import exit msvcrt.dll    ; exit is a function that ends the calling process. It is defined in msvcrt.dll
     9                                                            ; msvcrt.dll contains exit, printf and all the other important C-runtime specific functions
    10                                  
    11                                  ; our data is declared here (the variables needed by our program)
    12                                  segment data use32 class=data
    13                                      ; ...
    14                                  
    15                                  ; our code starts here
    16                                  segment code use32 class=code
    17                                      start:
    18 00000000 B481                            mov AH,129
    19 00000002 B0FF                            mov AL,0FFh
    20 00000004 30C4                            xor AH,AL
    21 00000006 6698                            cbw
    22 00000008 F6F8                            idiv AL
    23 0000000A 80C481                          add AH,-127
    24 0000000D F6EC                            imul AH
    25                                      
    26                                          ; exit(0)
    27 0000000F 6A00                            push    dword 0      ; push the parameter for exit onto the stack
    28 00000011 FF15[00000000]                  call    [exit]       ; call exit to terminate the program
