c:\users\admin\desktop\semestrul 2\oop\laborator\farmaciev1\farmaciev1\x64\debug\vc142.pdb
c:\users\admin\desktop\semestrul 2\oop\laborator\farmaciev1\farmaciev1\x64\debug\vc142.idb
c:\users\admin\desktop\semestrul 2\oop\laborator\farmaciev1\farmaciev1\x64\debug\ui.obj
c:\users\admin\desktop\semestrul 2\oop\laborator\farmaciev1\farmaciev1\x64\debug\main.obj
c:\users\admin\desktop\semestrul 2\oop\laborator\farmaciev1\farmaciev1\x64\debug\service.obj
c:\users\admin\desktop\semestrul 2\oop\laborator\farmaciev1\farmaciev1\x64\debug\repo.obj
c:\users\admin\desktop\semestrul 2\oop\laborator\farmaciev1\farmaciev1\x64\debug\domain.obj
c:\users\admin\desktop\semestrul 2\oop\laborator\farmaciev1\farmaciev1\x64\debug\validare.obj
c:\users\admin\desktop\semestrul 2\oop\laborator\farmaciev1\farmaciev1\x64\debug\tests.obj
c:\users\admin\desktop\semestrul 2\oop\laborator\farmaciev1\x64\debug\farmaciev1.exe
c:\users\admin\desktop\semestrul 2\oop\laborator\farmaciev1\x64\debug\farmaciev1.ilk
c:\users\admin\desktop\semestrul 2\oop\laborator\farmaciev1\x64\debug\farmaciev1.pdb
c:\users\admin\desktop\semestrul 2\oop\laborator\farmaciev1\farmaciev1\x64\debug\domain.nativecodeanalysis.xml
c:\users\admin\desktop\semestrul 2\oop\laborator\farmaciev1\farmaciev1\x64\debug\main.nativecodeanalysis.xml
c:\users\admin\desktop\semestrul 2\oop\laborator\farmaciev1\farmaciev1\x64\debug\repo.nativecodeanalysis.xml
c:\users\admin\desktop\semestrul 2\oop\laborator\farmaciev1\farmaciev1\x64\debug\service.nativecodeanalysis.xml
c:\users\admin\desktop\semestrul 2\oop\laborator\farmaciev1\farmaciev1\x64\debug\ui.nativecodeanalysis.xml
c:\users\admin\desktop\semestrul 2\oop\laborator\farmaciev1\farmaciev1\x64\debug\validare.nativecodeanalysis.xml
c:\users\admin\desktop\semestrul 2\oop\laborator\farmaciev1\farmaciev1\x64\debug\vc.nativecodeanalysis.all.xml
c:\users\admin\desktop\semestrul 2\oop\laborator\farmaciev1\farmaciev1\x64\debug\farmaciev1.tlog\cl.command.1.tlog
c:\users\admin\desktop\semestrul 2\oop\laborator\farmaciev1\farmaciev1\x64\debug\farmaciev1.tlog\cl.read.1.tlog
c:\users\admin\desktop\semestrul 2\oop\laborator\farmaciev1\farmaciev1\x64\debug\farmaciev1.tlog\cl.write.1.tlog
c:\users\admin\desktop\semestrul 2\oop\laborator\farmaciev1\farmaciev1\x64\debug\farmaciev1.tlog\link.command.1.tlog
c:\users\admin\desktop\semestrul 2\oop\laborator\farmaciev1\farmaciev1\x64\debug\farmaciev1.tlog\link.read.1.tlog
c:\users\admin\desktop\semestrul 2\oop\laborator\farmaciev1\farmaciev1\x64\debug\farmaciev1.tlog\link.write.1.tlog
