[2021-04-12 13:25:04] [info] Start Program:
Path:"C:\\Users\\Admin\\Desktop\\Semestrul 2\\OOP\\Laborator\\Farmaciev1\\x64\\Debug\\Farmaciev1.exe"
Arguments:
Working directory: "C:\\Users\\Admin\\Desktop\\Semestrul 2\\OOP\\Laborator\\Farmaciev1\\Farmaciev1\\"
Modules: Selected: C:\Users\Admin\Desktop\Semestrul 2\OOP\Laborator\Farmaciev1\x64\Debug\Farmaciev1.exe Excluded: 
Sources: Selected: C:\Users\Admin\Desktop\Semestrul 2\OOP\Laborator\Farmaciev1\Farmaciev1 Excluded: 
Log Level: Normal
Cover Children: 0
Aggregate by file: 1
Continue after C++ exception: 0
Optimized build support: 0
Export: binary C:\Users\Admin\AppData\Local\Temp\kykuq2ev.kyu 
Input coverage: 
Unified diff: 
Excluded line regular expressions: 
Substitute pdb source paths: 

[2021-04-12 13:25:04] [info] Module: C:\Users\Admin\Desktop\Semestrul 2\OOP\Laborator\Farmaciev1\x64\Debug\Farmaciev1.exe is selected because it matches selected pattern: C:\Users\Admin\Desktop\Semestrul 2\OOP\Laborator\Farmaciev1\x64\Debug\Farmaciev1.exe
[2021-04-12 13:25:04] [info] ----------------------------------------------------
[2021-04-12 13:25:04] [info] Coverage binary generated in file: C:\Users\Admin\AppData\Local\Temp\kykuq2ev.kyu
[2021-04-12 13:25:04] [info] ----------------------------------------------------
