c:\users\admin\desktop\semestrul 2\oop\lab2-4\lab2-4\debug\vc142.pdb
c:\users\admin\desktop\semestrul 2\oop\lab2-4\lab2-4\debug\vc142.idb
c:\users\admin\desktop\semestrul 2\oop\lab2-4\lab2-4\debug\ui.obj
c:\users\admin\desktop\semestrul 2\oop\lab2-4\lab2-4\debug\service.obj
c:\users\admin\desktop\semestrul 2\oop\lab2-4\lab2-4\debug\main.obj
c:\users\admin\desktop\semestrul 2\oop\lab2-4\lab2-4\debug\valid.obj
c:\users\admin\desktop\semestrul 2\oop\lab2-4\lab2-4\debug\tests.obj
c:\users\admin\desktop\semestrul 2\oop\lab2-4\lab2-4\debug\sort.obj
c:\users\admin\desktop\semestrul 2\oop\lab2-4\lab2-4\debug\repo.obj
c:\users\admin\desktop\semestrul 2\oop\lab2-4\lab2-4\debug\domain.obj
c:\users\admin\desktop\semestrul 2\oop\lab2-4\debug\lab2-4.exe
c:\users\admin\desktop\semestrul 2\oop\lab2-4\debug\lab2-4.ilk
c:\users\admin\desktop\semestrul 2\oop\lab2-4\debug\lab2-4.pdb
c:\users\admin\desktop\semestrul 2\oop\lab2-4\lab2-4\debug\main.obj.enc
c:\users\admin\desktop\semestrul 2\oop\lab2-4\lab2-4\debug\service.obj.enc
c:\users\admin\desktop\semestrul 2\oop\lab2-4\lab2-4\debug\ui.obj.enc
c:\users\admin\desktop\semestrul 2\oop\lab2-4\lab2-4\debug\lab2-4.tlog\cl.command.1.tlog
c:\users\admin\desktop\semestrul 2\oop\lab2-4\lab2-4\debug\lab2-4.tlog\cl.read.1.tlog
c:\users\admin\desktop\semestrul 2\oop\lab2-4\lab2-4\debug\lab2-4.tlog\cl.write.1.tlog
c:\users\admin\desktop\semestrul 2\oop\lab2-4\lab2-4\debug\lab2-4.tlog\link.command.1.tlog
c:\users\admin\desktop\semestrul 2\oop\lab2-4\lab2-4\debug\lab2-4.tlog\link.read.1.tlog
c:\users\admin\desktop\semestrul 2\oop\lab2-4\lab2-4\debug\lab2-4.tlog\link.write.1.tlog
